<?xml version="1.0" encoding="UTF-8"?>
<testsuite name="SortTest" tests="1" skipped="0" failures="0" errors="0" timestamp="2017-10-09T00:31:11" hostname="Anthony" time="0.032">
  <properties/>
  <testcase name="test" classname="SortTest" time="0.032"/>
  <system-out><![CDATA[82 14 60 94 71 51 98 45 44 50 46 18 22 95 46 12 84 1 75 14 11 46 0 64 16 13 62 98 97 91 40 44 17 28 3 72 69 5 55 25 18 56 62 4 69 45 66 15 58 78 50 26 80 23 29 98 58 42 71 87 97 23 32 67 76 72 85 7 92 58 24 45 61 88 33 32 46 65 72 35 43 53 28 89 64 26 69 32 44 17 47 2 98 94 84 63 3 57 59 57 39 4 41 64 48 30 85 95 9 50 17 60 70 56 4 72 62 30 10 20 0 14 84 88 21 89 46 59 10 32 76 43 1 98 4 4 80 17 22 21 21 39 41 85 28 19 69 73 18 39 Nanoseconds for Standart Sort:     374518 
Nanoseconds for BubbleSort:    1357827 
Nanoseconds for HeapSort:     431407 
Nanoseconds for QuickSort:     150518 
Nanoseconds for CombSort:     171851 
Nanoseconds for CocktailSort:    1022420 
]]></system-out>
  <system-err><![CDATA[]]></system-err>
</testsuite>
