<?xml version="1.0" encoding="UTF-8"?>
<testsuite name="SortTest" tests="1" skipped="0" failures="0" errors="0" timestamp="2017-10-08T23:54:44" hostname="Anthony" time="0.02">
  <properties/>
  <testcase name="test" classname="SortTest" time="0.02"/>
  <system-out><![CDATA[84 93 12 47 33 89 26 36 60 16 37 59 1 13 82 51 43 52 12 82 80 21 14 78 82 78 46 16 56 40 56 67 32 39 36 61 38 70 2 20 9 0 20 73 18 43 79 34 55 60 67 20 40 33 71 57 89 17 86 39 67 52 2 37 45 52 50 10 30 6 20 92 79 93 49 22 30 44 25 56 18 40 9 93 85 0 80 98 52 72 54 98 54 43 26 86 81 98 65 83 1 73 88 36 36 56 45 23 68 46 59 4 45 91 82 69 22 28 78 5 23 52 42 55 43 39 88 15 50 53 90 4 6 81 98 61 55 37 4 18 43 36 37 42 39 90 85 71 6 78 Nanoseconds for Standart Sort:     324741 
Nanoseconds for BubbleSort:     733235 
Nanoseconds for HeapSort:     216494 
Nanoseconds for QuickSort:     124840 
Nanoseconds for CombSort:     135111 
Nanoseconds for CocktailSort:    1176099 
]]></system-out>
  <system-err><![CDATA[]]></system-err>
</testsuite>
