<?xml version="1.0" encoding="UTF-8"?>
<testsuite name="SortTest" tests="1" skipped="0" failures="0" errors="0" timestamp="2017-10-08T23:32:02" hostname="Anthony" time="0.014">
  <properties/>
  <testcase name="test" classname="SortTest" time="0.014"/>
  <system-out><![CDATA[43 97 47 13 32 12 38 95 82 33 5 69 34 15 54 33 14 85 32 32 32 35 61 66 57 37 69 6 47 56 59 91 47 78 57 59 26 92 64 35 57 17 86 27 84 65 44 57 89 81 86 57 29 52 6 18 59 87 35 88 12 85 60 12 86 28 74 86 39 82 49 1 53 23 64 27 50 4 67 81 80 17 55 56 96 82 49 9 0 14 27 3 21 11 1 36 44 42 49 80 41 79 0 55 29 2 73 98 92 77 64 27 71 92 12 77 47 28 92 42 42 11 70 85 0 5 77 18 57 96 55 16 4 49 55 25 96 83 13 80 26 32 84 33 11 6 40 13 7 78 Nanoseconds for Standart Sort:     261925 
Nanoseconds for BubbleSort:     553481 
Nanoseconds for HeapSort:     741531 
Nanoseconds for QuickSort:      83753 
Nanoseconds for CombSort:     269037 
Nanoseconds for CocktailSort:    1277234 
]]></system-out>
  <system-err><![CDATA[]]></system-err>
</testsuite>
